<?xml version="1.0" encoding="UTF-8"?>
<testng-results ignored="0" total="1" passed="1" failed="0" skipped="0">
  <reporter-output>
    <line>
      <![CDATA[Entering a value on element Search Field]]>
    </line>
    <line>
      <![CDATA[Submitting a value on element Google Search Button]]>
    </line>
    <line>
      <![CDATA[Capturing a text from element Search Result]]>
    </line>
    <line>
      <![CDATA[my search number 764,000,000]]>
    </line>
    <line>
      <![CDATA[Entering a value on element Search Field]]>
    </line>
    <line>
      <![CDATA[Submitting a value on element Google Search Button]]>
    </line>
    <line>
      <![CDATA[Capturing a text from element Search Result]]>
    </line>
    <line>
      <![CDATA[my search number 177,000,000]]>
    </line>
  </reporter-output>
  <suite started-at="2020-05-17T12:55:30 EDT" name="Default Suite" finished-at="2020-05-17T12:55:49 EDT" duration-ms="18402">
    <groups>
    </groups>
    <test started-at="2020-05-17T12:55:30 EDT" name="Maven_Automation" finished-at="2020-05-17T12:55:49 EDT" duration-ms="18402">
      <class name="Day11_0516.GoogleSearch_TestNG_loop">
        <test-method is-config="true" signature="callDriver()[pri:0, instance:Day11_0516.GoogleSearch_TestNG_loop@3bb9a3ff]" started-at="2020-05-17T12:55:30 EDT" name="callDriver" finished-at="2020-05-17T12:55:34 EDT" duration-ms="3908" status="PASS">
          <reporter-output>
          </reporter-output>
        </test-method> <!-- callDriver -->
        <test-method signature="googleSearch()[pri:0, instance:Day11_0516.GoogleSearch_TestNG_loop@3bb9a3ff]" started-at="2020-05-17T12:55:34 EDT" name="googleSearch" finished-at="2020-05-17T12:55:48 EDT" duration-ms="13804" status="PASS">
          <reporter-output>
            <line>
              <![CDATA[Entering a value on element Search Field]]>
            </line>
            <line>
              <![CDATA[Submitting a value on element Google Search Button]]>
            </line>
            <line>
              <![CDATA[Capturing a text from element Search Result]]>
            </line>
            <line>
              <![CDATA[my search number 764,000,000]]>
            </line>
            <line>
              <![CDATA[Entering a value on element Search Field]]>
            </line>
            <line>
              <![CDATA[Submitting a value on element Google Search Button]]>
            </line>
            <line>
              <![CDATA[Capturing a text from element Search Result]]>
            </line>
            <line>
              <![CDATA[my search number 177,000,000]]>
            </line>
          </reporter-output>
        </test-method> <!-- googleSearch -->
        <test-method is-config="true" signature="quitDriver()[pri:0, instance:Day11_0516.GoogleSearch_TestNG_loop@3bb9a3ff]" started-at="2020-05-17T12:55:48 EDT" name="quitDriver" finished-at="2020-05-17T12:55:49 EDT" duration-ms="634" status="PASS">
          <reporter-output>
          </reporter-output>
        </test-method> <!-- quitDriver -->
      </class> <!-- Day11_0516.GoogleSearch_TestNG_loop -->
    </test> <!-- Maven_Automation -->
  </suite> <!-- Default Suite -->
</testng-results>
